1705450742662	geckodriver	INFO	Listening on 127.0.0.1:56468
1705450745770	mozrunner::runner	INFO	Running command: "C:\\Program Files\\Mozilla Firefox\\firefox.exe" "--marionette" "--remote-debugging-port" "56469" "--remote-allow-hosts" "localhost" "-no-remote" "-profile" "C:\\Users\\saput\\AppData\\Local\\Temp\\rust_mozprofiledFyrHa"
console.warn: services.settings: Ignoring preference override of remote settings server
console.warn: services.settings: Allow by setting MOZ_REMOTE_SETTINGS_DEVTOOLS=1 in the environment
1705450746176	Marionette	INFO	Marionette enabled
Dynamically enable window occlusion 0
1705450746269	Marionette	INFO	Listening on port 56479
WebDriver BiDi listening on ws://127.0.0.1:56469
Read port: 56479
1705450746537	RemoteAgent	WARN	TLS certificate errors will be ignored for this session
DevTools listening on ws://127.0.0.1:56469/devtools/browser/59a9685d-2ba8-45fa-b70a-9a0f586feb70
JavaScript error: https://sepatucompass.com/login, line 15: SyntaxError: expected expression, got '&'
JavaScript warning: https://sepatucompass.com/_next/static/chunks/d174a037f681aae20b502a26cbff1c3e9bfde3f3.f30081ec4c818a77dd7b.js, line 1: unreachable code after return statement
JavaScript warning: https://sepatucompass.com/_next/static/chunks/d174a037f681aae20b502a26cbff1c3e9bfde3f3.f30081ec4c818a77dd7b.js, line 1: unreachable code after return statement
JavaScript warning: https://sepatucompass.com/_next/static/chunks/d174a037f681aae20b502a26cbff1c3e9bfde3f3.f30081ec4c818a77dd7b.js, line 1: unreachable code after return statement
JavaScript error: https://sepatucompass.com/login, line 15: SyntaxError: expected expression, got '&'
JavaScript warning: https://sepatucompass.com/_next/static/chunks/d174a037f681aae20b502a26cbff1c3e9bfde3f3.f30081ec4c818a77dd7b.js, line 1: unreachable code after return statement
JavaScript warning: https://sepatucompass.com/_next/static/chunks/d174a037f681aae20b502a26cbff1c3e9bfde3f3.f30081ec4c818a77dd7b.js, line 1: unreachable code after return statement
JavaScript warning: https://sepatucompass.com/_next/static/chunks/d174a037f681aae20b502a26cbff1c3e9bfde3f3.f30081ec4c818a77dd7b.js, line 1: unreachable code after return statement
JavaScript error: https://sepatucompass.com/login, line 15: SyntaxError: expected expression, got '&'
JavaScript warning: https://sepatucompass.com/_next/static/chunks/d174a037f681aae20b502a26cbff1c3e9bfde3f3.f30081ec4c818a77dd7b.js, line 1: unreachable code after return statement
JavaScript warning: https://sepatucompass.com/_next/static/chunks/d174a037f681aae20b502a26cbff1c3e9bfde3f3.f30081ec4c818a77dd7b.js, line 1: unreachable code after return statement
JavaScript warning: https://sepatucompass.com/_next/static/chunks/d174a037f681aae20b502a26cbff1c3e9bfde3f3.f30081ec4c818a77dd7b.js, line 1: unreachable code after return statement
1705450776220	addons.xpi	ERROR	System addon update list error SyntaxError: XMLHttpRequest.open: 'http://%(server)s/dummy-system-addons.xml' is not a valid URL.
JavaScript error: , line 0: NotFoundError: No such JSWindowActor 'DevToolsFrame'
JavaScript warning: https://www.googletagmanager.com/gtag/js?id=G-9Z2W2GS66M, line 127: Script terminated by timeout at:
Qa@https://www.googletagmanager.com/gtag/js?id=G-9Z2W2GS66M:127:437
yo@https://www.googletagmanager.com/gtag/js?id=G-9Z2W2GS66M:336:431
Rp@https://www.googletagmanager.com/gtag/js?id=G-9Z2W2GS66M:341:766
vG/<@https://www.googletagmanager.com/gtag/js?id=G-9Z2W2GS66M:516:178
aa.Pk/<@https://www.googletagmanager.com/gtag/js?id=G-9Z2W2GS66M:466:126
aa.Pk/c/<@https://www.googletagmanager.com/gtag/js?id=G-9Z2W2GS66M:465:420

1705450871319	Marionette	INFO	Stopped listening on port 56479
Dynamically enable window occlusion 1
